<?xml version="1.0" encoding="UTF-8"?>
<testng-results skipped="0" failed="0" total="1" passed="1">
  <reporter-output>
  </reporter-output>
  <suite name="Default suite" duration-ms="25029" started-at="2019-02-16T10:35:08Z" finished-at="2019-02-16T10:35:33Z">
    <groups>
    </groups>
    <test name="Default test" duration-ms="25029" started-at="2019-02-16T10:35:08Z" finished-at="2019-02-16T10:35:33Z">
      <class name="Sel2_TestNG.ItemIssueToBranch">
        <test-method status="PASS" signature="Login()[pri:0, instance:Sel2_TestNG.ItemIssueToBranch@4f49f6af]" name="Login" is-config="true" duration-ms="5891" started-at="2019-02-16T16:05:08Z" finished-at="2019-02-16T16:05:13Z">
          <reporter-output>
          </reporter-output>
        </test-method> <!-- Login -->
        <test-method status="PASS" signature="DateSelection()[pri:0, instance:Sel2_TestNG.ItemIssueToBranch@4f49f6af]" name="DateSelection" duration-ms="19138" started-at="2019-02-16T16:05:13Z" finished-at="2019-02-16T16:05:33Z">
          <reporter-output>
          </reporter-output>
        </test-method> <!-- DateSelection -->
      </class> <!-- Sel2_TestNG.ItemIssueToBranch -->
    </test> <!-- Default test -->
  </suite> <!-- Default suite -->
</testng-results>
